Line 90: Class ACTIVESKINLibCtl.SkinLabel of control SkinLabel12 was not a loaded control class.
Line 98: Class ACTIVESKINLibCtl.SkinLabel of control lbl_criterio was not a loaded control class.
Line 383: Class ACTIVESKINLibCtl.SkinLabel of control SkinLabel7 was not a loaded control class.
Line 413: Class ACTIVESKINLibCtl.SkinLabel of control SkinLabel9 was not a loaded control class.
Line 421: Class ACTIVESKINLibCtl.SkinLabel of control SkinLabel10 was not a loaded control class.
Line 429: Class ACTIVESKINLibCtl.SkinLabel of control SkinLabel8 was not a loaded control class.
Line 437: Class ACTIVESKINLibCtl.SkinLabel of control SkinLabel11 was not a loaded control class.
Line 445: Class ACTIVESKINLibCtl.SkinLabel of control SkinLabel14 was not a loaded control class.
Line 453: Class ACTIVESKINLibCtl.SkinLabel of control SkinLabel15 was not a loaded control class.
Line 495: Class ACTIVESKINLibCtl.SkinLabel of control SkinLabel4 was not a loaded control class.
Line 503: Class ACTIVESKINLibCtl.SkinLabel of control SkinLabel5 was not a loaded control class.
Line 533: Class ACTIVESKINLibCtl.SkinLabel of control SkinLabel6 was not a loaded control class.
Line 599: Class ACTIVESKINLibCtl.SkinLabel of control SkinLabel1 was not a loaded control class.
Line 607: Class ACTIVESKINLibCtl.SkinLabel of control SkinLabel2 was not a loaded control class.
Line 637: Class ACTIVESKINLibCtl.SkinLabel of control SkinLabel3 was not a loaded control class.
Line 692: Class ACTIVESKINLibCtl.SkinLabel of control SkinLabel13 was not a loaded control class.
Line 701: Class ACTIVESKINLibCtl.SkinLabel of control lbl_codcli was not a loaded control class.
Line 727: Class ACTIVESKINLibCtl.Skin of control Skin1 was not a loaded control class.
Line 93: The property name OleObjectBlob in SkinLabel12 is invalid.
Line 101: The property name OleObjectBlob in lbl_criterio is invalid.
Line 386: The property name OleObjectBlob in SkinLabel7 is invalid.
Line 416: The property name OleObjectBlob in SkinLabel9 is invalid.
Line 424: The property name OleObjectBlob in SkinLabel10 is invalid.
Line 432: The property name OleObjectBlob in SkinLabel8 is invalid.
Line 440: The property name OleObjectBlob in SkinLabel11 is invalid.
Line 448: The property name OleObjectBlob in SkinLabel14 is invalid.
Line 456: The property name OleObjectBlob in SkinLabel15 is invalid.
Line 498: The property name OleObjectBlob in SkinLabel4 is invalid.
Line 506: The property name OleObjectBlob in SkinLabel5 is invalid.
Line 536: The property name OleObjectBlob in SkinLabel6 is invalid.
Line 602: The property name OleObjectBlob in SkinLabel1 is invalid.
Line 610: The property name OleObjectBlob in SkinLabel2 is invalid.
Line 640: The property name OleObjectBlob in SkinLabel3 is invalid.
Line 695: The property name OleObjectBlob in SkinLabel13 is invalid.
Line 704: The property name OleObjectBlob in lbl_codcli is invalid.
Line 729: The property name OleObjectBlob in Skin1 is invalid.
Line 93: The property name OleObjectBlob in SkinLabel12 is invalid.
Line 101: The property name OleObjectBlob in lbl_criterio is invalid.
Line 386: The property name OleObjectBlob in SkinLabel7 is invalid.
Line 416: The property name OleObjectBlob in SkinLabel9 is invalid.
Line 424: The property name OleObjectBlob in SkinLabel10 is invalid.
Line 432: The property name OleObjectBlob in SkinLabel8 is invalid.
Line 440: The property name OleObjectBlob in SkinLabel11 is invalid.
Line 448: The property name OleObjectBlob in SkinLabel14 is invalid.
Line 456: The property name OleObjectBlob in SkinLabel15 is invalid.
Line 498: The property name OleObjectBlob in SkinLabel4 is invalid.
Line 506: The property name OleObjectBlob in SkinLabel5 is invalid.
Line 536: The property name OleObjectBlob in SkinLabel6 is invalid.
Line 602: The property name OleObjectBlob in SkinLabel1 is invalid.
Line 610: The property name OleObjectBlob in SkinLabel2 is invalid.
Line 640: The property name OleObjectBlob in SkinLabel3 is invalid.
Line 695: The property name OleObjectBlob in SkinLabel13 is invalid.
Line 704: The property name OleObjectBlob in lbl_codcli is invalid.
Line 729: The property name OleObjectBlob in Skin1 is invalid.
